This is pdfTeX, Version 3.14159265-2.6-1.40.19 (TeX Live 2018/Arch Linux) (preloaded format=pdflatex 2019.2.12)  6 MAY 2019 09:59
entering extended mode
 restricted \write18 enabled.
 %&-line parsing enabled.
**theory.tex
(./theory.tex
LaTeX2e <2018-04-01> patch level 5
(/usr/share/texmf-dist/tex/latex/revtex4/revtex4.cls
Document Class: revtex4 2001/08/02 v4.0 (http://publish.aps.org/revtex4/ for do
cumentation)
 Copyright (c) 2001 The American Physical Society.
 mailto:revtex@aps.org
 Licensed under the LPPL:
http://www.ctan.org/tex-archive/macros/latex/base/lppl.txt
 Arthur Ogawa <ogawa@teleport.com>
 Based on work by David Carlisle <david@dcarlisle.demon.co.uk>.
ltxutil: portions licensed from W. E. Baxter (web@superscript.com)
Class revtex4 Info: Repairing broken LateX \@sect on input line 596.
\intertabularlinepenalty=\count80
\@tbpen=\count81
\@arstrutbox@hline=\box26
Class revtex4 Info: Repairing broken LaTeX \@xbitor on input line 1610.
ltxgrid: portions licensed from W. E. Baxter (web@superscript.com)
\c@linecount=\count82
\output=\toks14
\@protection@box=\box27
\@topmark@saved=\toks15
\footins@saved=\box28
\pagesofar=\box29
\footbox=\box30
\pagegrid@col=\count83
Class revtex4 Info: Incorporating package {textcase}  [1998/11/12 v0.06 Text on
ly upper/lower case changing (DPC)]. on input line 3682.
(/usr/share/texmf-dist/tex/latex/url/url.sty
\Urlmuskip=\muskip10
Package: url 2013/09/16  ver 3.4  Verb mode for urls, etc.
)
\c@affil=\count84
\absbox=\box31
\c@part=\count85
\c@section=\count86
\c@subsection=\count87
\c@subsubsection=\count88
\c@paragraph=\count89
\c@subparagraph=\count90
\abovecaptionskip=\skip41
\belowcaptionskip=\skip42
\c@figure=\count91
\c@table=\count92

(/usr/share/texmf-dist/tex/latex/natbib/natbib.sty
Package: natbib 2010/09/13 8.31b (PWD, AO)
\bibhang=\skip43
\bibsep=\skip44
LaTeX Info: Redefining \cite on input line 694.
\c@NAT@ctr=\count93
)
\widetext@top=\box32
\widetext@bot=\box33

(/usr/share/texmf-dist/tex/latex/revtex4/revsymb.sty
Package: revsymb 2001/08/02 v4.0 (http://publish.aps.org/revtex4/ for documenta
tion)
LaTeX Info: Redefining \REV@mathfrak on input line 118.
))
(/usr/share/texmf-dist/tex/latex/amsfonts/amssymb.sty
Package: amssymb 2013/01/14 v3.01 AMS font symbols

(/usr/share/texmf-dist/tex/latex/amsfonts/amsfonts.sty
Package: amsfonts 2013/01/14 v3.01 Basic AMSFonts support
\@emptytoks=\toks16
\symAMSa=\mathgroup4
\symAMSb=\mathgroup5
LaTeX Font Info:    Overwriting math alphabet `\mathfrak' in version `bold'
(Font)                  U/euf/m/n --> U/euf/b/n on input line 106.
LaTeX Info: Redefining \frak on input line 111.
LaTeX Info: Redefining \Bbb on input line 113.
))
(/usr/share/texmf-dist/tex/latex/amsmath/amsmath.sty
Package: amsmath 2017/09/02 v2.17a AMS math features
\@mathmargin=\skip45

For additional information on amsmath, use the `?' option.
(/usr/share/texmf-dist/tex/latex/amsmath/amstext.sty
Package: amstext 2000/06/29 v2.01 AMS text

(/usr/share/texmf-dist/tex/latex/amsmath/amsgen.sty
File: amsgen.sty 1999/11/30 v2.0 generic functions
\@emptytoks=\toks17
\ex@=\dimen102
))
(/usr/share/texmf-dist/tex/latex/amsmath/amsbsy.sty
Package: amsbsy 1999/11/29 v1.2d Bold Symbols
\pmbraise@=\dimen103
)
(/usr/share/texmf-dist/tex/latex/amsmath/amsopn.sty
Package: amsopn 2016/03/08 v2.02 operator names
)
\inf@bad=\count94
LaTeX Info: Redefining \frac on input line 213.
\uproot@=\count95
\leftroot@=\count96
LaTeX Info: Redefining \overline on input line 375.
\classnum@=\count97
\DOTSCASE@=\count98
LaTeX Info: Redefining \ldots on input line 472.
LaTeX Info: Redefining \dots on input line 475.
LaTeX Info: Redefining \cdots on input line 596.
\Mathstrutbox@=\box34
\strutbox@=\box35
\big@size=\dimen104
LaTeX Font Info:    Redeclaring font encoding OML on input line 712.
LaTeX Font Info:    Redeclaring font encoding OMS on input line 713.
\macc@depth=\count99
\c@MaxMatrixCols=\count100
\dotsspace@=\muskip11
\c@parentequation=\count101
\dspbrk@lvl=\count102
\tag@help=\toks18
\row@=\count103
\column@=\count104
\maxfields@=\count105
\andhelp@=\toks19
\eqnshift@=\dimen105
\alignsep@=\dimen106
\tagshift@=\dimen107
\tagwidth@=\dimen108
\totwidth@=\dimen109
\lineht@=\dimen110
\@envbody=\toks20
\multlinegap=\skip46
\multlinetaggap=\skip47
\mathdisplay@stack=\toks21
LaTeX Info: Redefining \[ on input line 2817.
LaTeX Info: Redefining \] on input line 2818.
)

Class revtex4 Warning: No Society specified, using generic APS style.

(/usr/share/texmf-dist/tex/latex/revtex4/aps.rtx
File: aps.rtx 2001/08/02 v4.0 (http://publish.aps.org/revtex4/ for documentatio
n)
)
(/usr/share/texmf-dist/tex/latex/revtex4/10pt.rtx
File: 10pt.rtx 2001/08/02 v4.0 (http://publish.aps.org/revtex4/ for documentati
on)
)
(/usr/share/texmf-dist/tex/latex/base/inputenc.sty
Package: inputenc 2018/04/06 v1.3b Input encoding file
\inpenc@prehook=\toks22
\inpenc@posthook=\toks23
)
(/usr/share/texmf-dist/tex/generic/babel/babel.sty
Package: babel 2018/11/13 3.27 The Babel package

(/usr/share/texmf-dist/tex/generic/babel/switch.def
File: switch.def 2018/11/13 3.27 Babel switching mechanism
)
(/usr/share/texmf-dist/tex/generic/babel-english/english.ldf
Language: english 2017/06/06 v3.3r English support from the babel system

(/usr/share/texmf-dist/tex/generic/babel/babel.def
File: babel.def 2018/11/13 3.27 Babel common definitions
\babel@savecnt=\count106
\U@D=\dimen111

(/usr/share/texmf-dist/tex/generic/babel/txtbabel.def)
\bbl@dirlevel=\count107
)
\l@canadian = a dialect from \language\l@american 
\l@australian = a dialect from \language\l@british 
\l@newzealand = a dialect from \language\l@british 
))
(/usr/share/texmf-dist/tex/latex/tocbibind/tocbibind.sty
Package: tocbibind 2010/10/13 v1.5k extra ToC listings
Package tocbibind Info: The document has section divisions on input line 50.


Package tocbibind Note: Using section or other style headings.

)
No file theory.aux.
\openout1 = `theory.aux'.

LaTeX Font Info:    Checking defaults for OML/cmm/m/it on input line 46.
LaTeX Font Info:    ... okay on input line 46.
LaTeX Font Info:    Checking defaults for T1/cmr/m/n on input line 46.
LaTeX Font Info:    ... okay on input line 46.
LaTeX Font Info:    Checking defaults for OT1/cmr/m/n on input line 46.
LaTeX Font Info:    ... okay on input line 46.
LaTeX Font Info:    Checking defaults for OMS/cmsy/m/n on input line 46.
LaTeX Font Info:    ... okay on input line 46.
LaTeX Font Info:    Checking defaults for OMX/cmex/m/n on input line 46.
LaTeX Font Info:    ... okay on input line 46.
LaTeX Font Info:    Checking defaults for U/cmr/m/n on input line 46.
LaTeX Font Info:    ... okay on input line 46.
Class revtex4 Info: Patching LaTeX tabular. on input line 46.
Class revtex4 Info: cite was not loaded (OK!) on input line 46.
Class revtex4 Info: multicol was not loaded (OK!) on input line 46.

Class revtex4 Warning: Assuming \noaffiliation for the NSXTool collaboration.


Package natbib Warning: Citation `StMc13' on page 1 undefined on input line 58.



Package natbib Warning: Citation `Kab10a' on page 1 undefined on input line 59.



Package natbib Warning: Citation `OtMi97' on page 1 undefined on input line 59.



Package natbib Warning: Citation `OtMi06' on page 1 undefined on input line 59.



Package natbib Warning: Citation `GewOJ' on page 1 undefined on input line 59.


LaTeX Warning: Reference `peak-search' on page 1 undefined on input line 67.


LaTeX Warning: Reference `autoindex' on page 1 undefined on input line 68.


LaTeX Warning: Reference `unit-cell' on page 1 undefined on input line 68.


LaTeX Warning: Reference `spacegroup' on page 1 undefined on input line 69.


LaTeX Warning: Reference `peak-prediction' on page 1 undefined on input line 70
.


LaTeX Warning: Reference `integration' on page 1 undefined on input line 71.


LaTeX Warning: Reference `merged-statistics' on page 1 undefined on input line 
72.


Package natbib Warning: Citation `BuGG16' on page 1 undefined on input line 77.



Package natbib Warning: Citation `ellipsoid-collision' on page 1 undefined on i
nput line 103.


Package natbib Warning: Citation `StBR97' on page 1 undefined on input line 108
.


Package natbib Warning: Citation `SaGA04' on page 1 undefined on input line 108
.

LaTeX Font Info:    Try loading font information for U+msa on input line 110.
(/usr/share/texmf-dist/tex/latex/amsfonts/umsa.fd
File: umsa.fd 2013/01/14 v3.01 AMS symbols A
)
LaTeX Font Info:    Try loading font information for U+msb on input line 110.

(/usr/share/texmf-dist/tex/latex/amsfonts/umsb.fd
File: umsb.fd 2013/01/14 v3.01 AMS symbols B
)
LaTeX Font Info:    Try loading font information for OMS+cmr on input line 130.


(/usr/share/texmf-dist/tex/latex/base/omscmr.fd
File: omscmr.fd 2014/09/29 v2.5h Standard LaTeX font definitions
)
LaTeX Font Info:    Font shape `OMS/cmr/m/n' in size <10> not available
(Font)              Font shape `OMS/cmsy/m/n' tried instead on input line 130.


Package natbib Warning: Citation `Gru73' on page 1 undefined on input line 139.



Package natbib Warning: Citation `KrGr76' on page 1 undefined on input line 139
.


Package natbib Warning: Citation `GrSA03' on page 1 undefined on input line 140
.


Package natbib Warning: Citation `gruber-table' on page 1 undefined on input li
ne 141.

[1{/var/lib/texmf/fonts/map/pdftex/updmap/pdftex.map}]
Overfull \hbox (14.95248pt too wide) detected at line 177
\OMS/cmsy/m/n/10 j\OT1/cmr/bx/n/10 q\OMS/cmsy/m/n/10 j[]j \OT1/cmr/m/n/10 = \OM
S/cmsy/m/n/10 j\OT1/cmr/m/n/10 (\OML/cmm/m/it/10 h; k; `\OT1/cmr/m/n/10 )[]\OML
/cmm/m/it/10 B\OMS/cmsy/m/n/10 j[] \OT1/cmr/m/n/10 = (\OML/cmm/m/it/10 h; k; `\
OT1/cmr/m/n/10 )[]\OML/cmm/m/it/10 BB[]\OT1/cmr/m/n/10 (\OML/cmm/m/it/10 h; k; 
`\OT1/cmr/m/n/10 ) \OMS/cmsy/m/n/10 ^^U \OML/cmm/m/it/10 ^^U\OT1/cmr/m/n/10 (\O
ML/cmm/m/it/10 h[] \OT1/cmr/m/n/10 + \OML/cmm/m/it/10 k[] \OT1/cmr/m/n/10 + \OM
L/cmm/m/it/10 `[]\OT1/cmr/m/n/10 )\OML/cmm/m/it/10 ;
 []

[2]

Package natbib Warning: Citation `Eva11' on page 3 undefined on input line 231.



Package natbib Warning: Citation `Kab10b' on page 3 undefined on input line 231
.

[3]

Package natbib Warning: Citation `Kab88' on page 4 undefined on input line 297.



Package natbib Warning: Citation `Kab10b' on page 4 undefined on input line 298
.


Package natbib Warning: Citation `Dia69' on page 4 undefined on input line 349.



Package natbib Warning: Citation `Kab10a' on page 4 undefined on input line 352
.


Package natbib Warning: Citation `Kab88' on page 4 undefined on input line 352.



Package natbib Warning: Citation `Kab10b' on page 4 undefined on input line 352
.

[4]

LaTeX Warning: Reference `Ebayes' on page 5 undefined on input line 394.


LaTeX Warning: Reference `Eresnor' on page 5 undefined on input line 400.


Package natbib Warning: Citation `StMc13' on page 5 undefined on input line 425
.


Package natbib Warning: Citation `WiKS88' on page 5 undefined on input line 425
.


Package natbib Warning: Citation `PrWM97' on page 5 undefined on input line 426
.

[5] [6]

Package natbib Warning: Citation `KaDi12' on page 7 undefined on input line 570
.


Package natbib Warning: Citation `Eva11' on page 7 undefined on input line 570.



Package natbib Warning: Citation `KaDi12' on page 7 undefined on input line 573
.

[7]

LaTeX Warning: Reference `cc-half-simplified' on page 8 undefined on input line
 628.


Package natbib Warning: Citation `KaDi12' on page 8 undefined on input line 641
.


Package natbib Warning: Citation `DuKS14' on page 8 undefined on input line 652
.


Package natbib Warning: Citation `ScXK15' on page 8 undefined on input line 652
.

No file theory.bbl.

Package natbib Warning: There were undefined citations.

[8] (./theory.aux)

LaTeX Warning: There were undefined references.


LaTeX Warning: Label(s) may have changed. Rerun to get cross-references right .


 ) 
Here is how much of TeX's memory you used:
 3381 strings out of 492639
 40794 string characters out of 6135497
 156976 words of memory out of 5000000
 7261 multiletter control sequences out of 15000+600000
 11284 words of font info for 43 fonts, out of 8000000 for 9000
 1141 hyphenation exceptions out of 8191
 32i,11n,29p,518b,210s stack positions out of 5000i,500n,10000p,200000b,80000s
</usr/share/texmf-dist/fonts/type1/public/amsfonts/cm/cmbx10.pfb></usr/share/
texmf-dist/fonts/type1/public/amsfonts/cm/cmbx12.pfb></usr/share/texmf-dist/fon
ts/type1/public/amsfonts/cm/cmbx7.pfb></usr/share/texmf-dist/fonts/type1/public
/amsfonts/cm/cmbx9.pfb></usr/share/texmf-dist/fonts/type1/public/amsfonts/cm/cm
ex10.pfb></usr/share/texmf-dist/fonts/type1/public/amsfonts/cm/cmmi10.pfb></usr
/share/texmf-dist/fonts/type1/public/amsfonts/cm/cmmi5.pfb></usr/share/texmf-di
st/fonts/type1/public/amsfonts/cm/cmmi6.pfb></usr/share/texmf-dist/fonts/type1/
public/amsfonts/cm/cmmi7.pfb></usr/share/texmf-dist/fonts/type1/public/amsfonts
/cm/cmmi9.pfb></usr/share/texmf-dist/fonts/type1/public/amsfonts/cm/cmr10.pfb><
/usr/share/texmf-dist/fonts/type1/public/amsfonts/cm/cmr5.pfb></usr/share/texmf
-dist/fonts/type1/public/amsfonts/cm/cmr6.pfb></usr/share/texmf-dist/fonts/type
1/public/amsfonts/cm/cmr7.pfb></usr/share/texmf-dist/fonts/type1/public/amsfont
s/cm/cmr9.pfb></usr/share/texmf-dist/fonts/type1/public/amsfonts/cm/cmsy10.pfb>
</usr/share/texmf-dist/fonts/type1/public/amsfonts/cm/cmsy5.pfb></usr/share/tex
mf-dist/fonts/type1/public/amsfonts/cm/cmsy7.pfb></usr/share/texmf-dist/fonts/t
ype1/public/amsfonts/cm/cmsy9.pfb></usr/share/texmf-dist/fonts/type1/public/ams
fonts/cm/cmti10.pfb></usr/share/texmf-dist/fonts/type1/public/amsfonts/cm/cmti9
.pfb>
Output written on theory.pdf (8 pages, 283697 bytes).
PDF statistics:
 115 PDF objects out of 1000 (max. 8388607)
 83 compressed objects within 1 object stream
 0 named destinations out of 1000 (max. 500000)
 1 words of extra memory for PDF output out of 10000 (max. 10000000)

